Arguments: 
  /home/joaquin/.nvm/versions/node/v12.10.0/bin/node /usr/share/yarn/bin/yarn.js add chalk

PATH: 
  /home/joaquin/.nvm/versions/node/v12.10.0/bin:/home/joaquin/.local/bin:/usr/local/sbin:/usr/local/bin:/usr/sbin:/usr/bin:/sbin:/bin:/usr/games:/usr/local/games:/snap/bin:/opt/mssql-tools/bin:/opt/mssql-tools/bin

Yarn version: 
  1.19.1

Node version: 
  12.10.0

Platform: 
  linux x64

Trace: 
  Error: getaddrinfo ENOTFOUND registry.yarnpkg.com
      at GetAddrInfoReqWrap.onlookup [as oncomplete] (dns.js:60:26)

npm manifest: 
  {
    "name": "db",
    "version": "1.0.0",
    "description": "",
    "main": "index.js",
    "scripts": {
      "setup": "node setup.js"
    },
    "repository": {
      "type": "git",
      "url": "git+https://github.com/JoaquinAraujo/mern-app.git"
    },
    "author": "Joaquin Araujo <joaquinaraujojs@gmail.com>",
    "license": "MIT",
    "bugs": {
      "url": "https://github.com/JoaquinAraujo/mern-app/issues"
    },
    "homepage": "https://github.com/JoaquinAraujo/mern-app#readme"
  }

yarn manifest: 
  No manifest

Lockfile: 
  No lockfile
